Arguments: 
  C:\Program Files (x86)\nodejs\node.exe D:\Program Files\Yarn\bin\yarn.js install

PATH: 
  C:\Users\SUHA\bin;C:\Program Files\Git\mingw64\bin;C:\Program Files\Git\usr\local\bin;C:\Program Files\Git\usr\bin;C:\Program Files\Git\usr\bin;C:\Program Files\Git\mingw64\bin;C:\Program Files\Git\usr\bin;C:\Users\SUHA\bin;C:\Program Files\php\php-7.4.2-nts-Win32-vc15-x64;C:\Users\chana\AppData\Roaming\npm\node_modules\@angular\cli\bin;C:\Users\chana\AppData\Roaming\npm;C:\Program Files\NVIDIA GPU Computing Toolkit\CUDA\v10.0\bin;C:\Program Files\NVIDIA GPU Computing Toolkit\CUDA\v10.0\libnvvp;C:\Python37\Scripts;C:\Python37;C:\Program Files\ImageMagick-6.9.3-Q16;C:\ProgramData\Oracle\Java\javapath;C:\Program Files (x86)\Intel\iCLS Client;C:\Program Files\Intel\iCLS Client;C:\Windows\system32;C:\Windows;C:\Windows\System32\Wbem;C:\Program Files\git\usr\bin;C:\Windows\System32\WindowsPowerShell\v1.0;C:\Program Files\Intel\Intel(R) Management Engine Components\DAL;C:\Program Files\Intel\Intel(R) Management Engine Components\IPT;C:\Program Files (x86)\Intel\Intel(R) Management Engine Components\DAL;C:\Program Files (x86)\Intel\Intel(R) Management Engine Components\IPT;C:\Program Files\Microsoft SQL Server\110\Tools\Binn;C:\Program Files\Microsoft SQL Server\120\Tools\Binn;C:\Program Files (x86)\NVIDIA Corporation\PhysX\Common;C:\Program Files (x86)\Bitvise SSH Client;C:\WINDOWS\system32;C:\WINDOWS;C:\WINDOWS\System32\Wbem;C:\WINDOWS\System32\WindowsPowerShell\v1.0;C:\Program Files\doxygen\bin;C:\Program Files (x86)\GitExtensions;C:\Program Files\Microsoft SQL Server\130\Tools\Binn;C:\Program Files (x86)\HUJI\CSM;C:\Program Files\dotnet;C:\Program Files\MiKTeX 2.9\miktex\bin\x64;C:\WINDOWS\System32\OpenSSH;C:\Program Files\Git LFS;C:\WINDOWS\system32;C:\WINDOWS;C:\WINDOWS\System32\Wbem;C:\WINDOWS\System32\WindowsPowerShell\v1.0;C:\WINDOWS\System32\OpenSSH;C:\Program Files\TortoiseGit\bin;D:\Program_Files\DevDesktop\tools;D:\Program_Files\DevDesktop\drush_9;C:\Users\chana\AppData\Roaming\nvm;C:\Program Files\nodejs;C:\Program Files (x86)\nodejs;C:\ProgramData\chocolatey\bin;D:\Program Files\Yarn\bin;C:\Program Files\PuTTY;C:\Program Files\Git\cmd;C:\Program Files\MongoDB\Server\4.4\bin;C:\Users\SUHA\AppData\Roaming\npm;C:\Program Files\MySQL\MySQL Server 5.5\bin;C:\Program Files\Docker\Docker\resources\bin;C:\ProgramData\DockerDesktop\version-bin;C:\Users\SUHA\AppData\Roaming\npm;C:\Users\SUHA\AppData\Local\Programs\Microsoft VS Code\bin;C:\Users\SUHA\AppData\Local\Microsoft\WindowsApps;C:\Program Files\MongoDB\Server\4.4\bin;C:\Program Files\heroku\bin;C:\Program Files\Git\usr\bin\vendor_perl;C:\Program Files\Git\usr\bin\core_perl

Yarn version: 
  1.22.4

Node version: 
  14.5.0

Platform: 
  win32 ia32

Trace: 
  Error: 10924:error:1408F119:SSL routines:ssl3_get_record:decryption failed or bad record mac:c:\ws\deps\openssl\openssl\ssl\record\ssl3_record.c:677:

npm manifest: 
  {
    "main": "node_modules/expo/AppEntry.js",
    "scripts": {
      "start": "expo start",
      "android": "expo start --android",
      "ios": "expo start --ios",
      "web": "expo start --web",
      "eject": "expo eject"
    },
    "dependencies": {
      "expo": "~40.0.0",
      "expo-status-bar": "~1.0.3",
      "react": "16.13.1",
      "react-dom": "16.13.1",
      "react-native": "https://github.com/expo/react-native/archive/sdk-40.0.1.tar.gz",
      "react-native-web": "~0.13.12"
    },
    "devDependencies": {
      "@babel/core": "~7.9.0"
    },
    "private": true
  }

yarn manifest: 
  No manifest

Lockfile: 
  No lockfile
